[ 33%] Built target paraspline
[ 33%] Built target utilities
[ 66%] Built target test_node
[ 66%] Built target sort
[35m[1mScanning dependencies of target interp_w_plot_node[0m
[ 83%] Built target interp_node
[ 91%] [32mBuilding CXX object CMakeFiles/interp_w_plot_node.dir/src/interp_w_plot_node.cpp.o[0m
[01m[K/home/zhaomeng/DeformableEstimation/src/interp_cable/src/interp_w_plot_node.cpp:[m[K In function â€˜[01m[Kint main(int, char**)[m[Kâ€™:
[01m[K/home/zhaomeng/DeformableEstimation/src/interp_cable/src/interp_w_plot_node.cpp:227:35:[m[K [01;31m[Kerror: [m[Kâ€˜[01m[Klinspace[m[Kâ€™ was not declared in this scope; did you mean â€˜[01m[KLinspace[m[Kâ€™?
  227 |                 auto fine_space = [01;31m[Klinspace[m[K(0, 1, 100);
      |                                   [01;31m[K^~~~~~~~[m[K
      |                                   [32m[KLinspace[m[K
make[2]: *** [CMakeFiles/interp_w_plot_node.dir/build.make:63: CMakeFiles/interp_w_plot_node.dir/src/interp_w_plot_node.cpp.o] Error 1
make[1]: *** [CMakeFiles/Makefile2:172: CMakeFiles/interp_w_plot_node.dir/all] Error 2
make: *** [Makefile:141: all] Error 2
