[ 16%] Built target utilities
[ 33%] Built target paraspline
[35m[1mScanning dependencies of target sort[0m
[ 41%] [32mBuilding CXX object CMakeFiles/test_node.dir/src/test_node.cpp.o[0m
[ 50%] [32mBuilding CXX object CMakeFiles/sort.dir/src/sort.cpp.o[0m
[01m[K/home/zhaomeng/DeformableEstimation/src/interp_cable/src/sort.cpp:[m[K In member function â€˜[01m[Kvoid Cable::Sort::SortPoints(std::vector<std::vector<double> >&)[m[Kâ€™:
[01m[K/home/zhaomeng/DeformableEstimation/src/interp_cable/src/sort.cpp:173:29:[m[K [01;31m[Kerror: [m[Kâ€˜[01m[Kdelta_length[m[Kâ€™ was not declared in this scope; did you mean â€˜[01m[Kdelta_length_[m[Kâ€™?
  173 |                 mean_ = 2 * [01;31m[Kdelta_length[m[K * cos(theta_) / (M_PI - 2 * theta_);
      |                             [01;31m[K^~~~~~~~~~~~[m[K
      |                             [32m[Kdelta_length_[m[K
[01m[K/home/zhaomeng/DeformableEstimation/src/interp_cable/src/sort.cpp:174:34:[m[K [01;31m[Kerror: [m[Kâ€˜[01m[Ksigma[m[Kâ€™ was not declared in this scope; did you mean â€˜[01m[Ksigma_[m[Kâ€™?
  174 |                 prob_[j] = (1 / ([01;31m[Ksigma[m[K * std::sqrt(2 * M_PI))) * exp(-0.5 * pow(((Norm(positional_diff_) - mean_) / sigma_), 2));
      |                                  [01;31m[K^~~~~[m[K
      |                                  [32m[Ksigma_[m[K
[01m[K/home/zhaomeng/DeformableEstimation/src/interp_cable/src/sort.cpp:179:40:[m[K [01;31m[Kerror: [m[Kâ€˜[01m[KProb[m[Kâ€™ was not declared in this scope
  179 |         int max_idx = std::max_element([01;31m[KProb[m[K.begin(), Prob.end()) - Prob.begin();
      |                                        [01;31m[K^~~~[m[K
[01m[K/home/zhaomeng/DeformableEstimation/src/interp_cable/src/sort.cpp:202:9:[m[K [01;31m[Kerror: [m[Kâ€˜[01m[Krot_angle[m[Kâ€™ was not declared in this scope; did you mean â€˜[01m[Krot_angle_[m[Kâ€™?
  202 |         [01;31m[Krot_angle[m[K = fangle(direction_[i], positional_diff_);
      |         [01;31m[K^~~~~~~~~[m[K
      |         [32m[Krot_angle_[m[K
[01m[K/home/zhaomeng/DeformableEstimation/src/interp_cable/src/sort.cpp:202:21:[m[K [01;31m[Kerror: [m[Kâ€˜[01m[Kfangle[m[Kâ€™ was not declared in this scope; did you mean â€˜[01m[KAngle[m[Kâ€™?
  202 |         rot_angle = [01;31m[Kfangle[m[K(direction_[i], positional_diff_);
      |                     [01;31m[K^~~~~~[m[K
      |                     [32m[KAngle[m[K
[01m[K/home/zhaomeng/DeformableEstimation/src/interp_cable/src/sort.cpp:204:70:[m[K [01;31m[Kerror: [m[Kâ€˜[01m[KNormal[m[Kâ€™ was not declared in this scope; did you mean â€˜[01m[Knormal_[m[Kâ€™?
  204 |         std::vector<double> direction_rot = Rodriguez(direction_[i], [01;31m[KNormal[m[K, 2 * rot_angle);
      |                                                                      [01;31m[K^~~~~~[m[K
      |                                                                      [32m[Knormal_[m[K
In file included from [01m[K/opt/ros/noetic/include/ros/ros.h:40[m[K,
                 from [01m[K/home/zhaomeng/DeformableEstimation/src/interp_cable/src/sort.cpp:1[m[K:
[01m[K/home/zhaomeng/DeformableEstimation/src/interp_cable/src/sort.cpp:208:59:[m[K [01;31m[Kerror: [m[Kâ€˜[01m[Kps[m[Kâ€™ was not declared in this scope
  208 |     ROS_INFO_STREAM("point cloud size after sort is: " << [01;31m[Kps[m[K.size());
      |                                                           [01;31m[K^~[m[K
[01m[K/opt/ros/noetic/include/ros/console.h:361:64:[m[K [01;36m[Knote: [m[Kin definition of macro â€˜[01m[KROSCONSOLE_PRINT_STREAM_AT_LOCATION_WITH_FILTER[m[Kâ€™
  361 |     __rosconsole_print_stream_at_location_with_filter__ss__ << [01;36m[Kargs[m[K; \
      |                                                                [01;36m[K^~~~[m[K
[01m[K/opt/ros/noetic/include/ros/console.h:409:7:[m[K [01;36m[Knote: [m[Kin expansion of macro â€˜[01m[KROSCONSOLE_PRINT_STREAM_AT_LOCATION[m[Kâ€™
  409 |       [01;36m[KROSCONSOLE_PRINT_STREAM_AT_LOCATION[m[K(args); \
      |       [01;36m[K^~~~~~~~~~~~~~~~~~~~~~~~~~~~~~~~~~~[m[K
[01m[K/opt/ros/noetic/include/ros/console.h:582:43:[m[K [01;36m[Knote: [m[Kin expansion of macro â€˜[01m[KROS_LOG_STREAM_COND[m[Kâ€™
  582 | #define ROS_LOG_STREAM(level, name, args) [01;36m[KROS_LOG_STREAM_COND[m[K(true, level, name, args)
      |                                           [01;36m[K^~~~~~~~~~~~~~~~~~~[m[K
[01m[K/opt/ros/noetic/include/rosconsole/macros_generated.h:111:31:[m[K [01;36m[Knote: [m[Kin expansion of macro â€˜[01m[KROS_LOG_STREAM[m[Kâ€™
  111 | #define ROS_INFO_STREAM(args) [01;36m[KROS_LOG_STREAM[m[K(::ros::console::levels::Info, ROSCONSOLE_DEFAULT_NAME, args)
      |                               [01;36m[K^~~~~~~~~~~~~~[m[K
[01m[K/home/zhaomeng/DeformableEstimation/src/interp_cable/src/sort.cpp:208:5:[m[K [01;36m[Knote: [m[Kin expansion of macro â€˜[01m[KROS_INFO_STREAM[m[Kâ€™
  208 |     [01;36m[KROS_INFO_STREAM[m[K("point cloud size after sort is: " << ps.size());
      |     [01;36m[K^~~~~~~~~~~~~~~[m[K
[01m[K/home/zhaomeng/DeformableEstimation/src/interp_cable/src/test_node.cpp:[m[K In function â€˜[01m[Kint main()[m[Kâ€™:
[01m[K/home/zhaomeng/DeformableEstimation/src/interp_cable/src/test_node.cpp:10:29:[m[K [01;31m[Kerror: [m[Kâ€˜[01m[Klinspace[m[Kâ€™ was not declared in this scope; did you mean â€˜[01m[KLinspace[m[Kâ€™?
   10 |     std::vector<double> X = [01;31m[Klinspace[m[K(0, 1, 5); // must be increasing
      |                             [01;31m[K^~~~~~~~[m[K
      |                             [32m[KLinspace[m[K
make[2]: *** [CMakeFiles/sort.dir/build.make:63: CMakeFiles/sort.dir/src/sort.cpp.o] Error 1
make[1]: *** [CMakeFiles/Makefile2:902: CMakeFiles/sort.dir/all] Error 2
make[1]: *** Waiting for unfinished jobs....
make[2]: *** [CMakeFiles/test_node.dir/build.make:63: CMakeFiles/test_node.dir/src/test_node.cpp.o] Error 1
make[1]: *** [CMakeFiles/Makefile2:200: CMakeFiles/test_node.dir/all] Error 2
make: *** [Makefile:141: all] Error 2
