[ 16%] Built target paraspline
[ 33%] Built target utilities
[35m[1mScanning dependencies of target sort[0m
[ 41%] [32mBuilding CXX object CMakeFiles/test_node.dir/src/test_node.cpp.o[0m
[ 50%] [32mBuilding CXX object CMakeFiles/sort.dir/src/sort.cpp.o[0m
[01m[K/home/zhaomeng/DeformableEstimation/src/interp_cable/src/test_node.cpp:[m[K In function â€˜[01m[Kint main()[m[Kâ€™:
[01m[K/home/zhaomeng/DeformableEstimation/src/interp_cable/src/test_node.cpp:10:29:[m[K [01;31m[Kerror: [m[Kâ€˜[01m[Klinspace[m[Kâ€™ was not declared in this scope; did you mean â€˜[01m[KLinspace[m[Kâ€™?
   10 |     std::vector<double> X = [01;31m[Klinspace[m[K(0, 1, 5); // must be increasing
      |                             [01;31m[K^~~~~~~~[m[K
      |                             [32m[KLinspace[m[K
make[2]: *** [CMakeFiles/test_node.dir/build.make:63: CMakeFiles/test_node.dir/src/test_node.cpp.o] Error 1
make[1]: *** [CMakeFiles/Makefile2:200: CMakeFiles/test_node.dir/all] Error 2
make[1]: *** Waiting for unfinished jobs....
[ 58%] [32m[1mLinking CXX shared library /home/zhaomeng/DeformableEstimation/devel/.private/interp_cable/lib/libsort.so[0m
[ 58%] Built target sort
make: *** [Makefile:141: all] Error 2
